<?xml version="1.0" encoding="UTF-8"?>
<coverage generated="1589468511">
  <project timestamp="1589468511">
    <package name="App\Objects">
      <file name="/var/www/html/averoes/averoes_users/App/Objects/User.php">
        <class name="App\Objects\User" namespace="App\Objects" fullPackage="App" package="App">
          <metrics complexity="0" methods="0" coveredmethods="0" conditionals="0" coveredconditionals="0" statements="0" coveredstatements="0" elements="0" coveredelements="0"/>
        </class>
        <metrics loc="12" ncloc="8" classes="0" methods="0" coveredmethods="0" conditionals="0" coveredconditionals="0" statements="0" coveredstatements="0" elements="0" coveredelements="0"/>
      </file>
    </package>
    <package name="App">
      <file name="/var/www/html/averoes/averoes_users/App/UserController.php">
        <class name="App\UserController" namespace="App" fullPackage="App" package="App">
          <metrics complexity="0" methods="0" coveredmethods="0" conditionals="0" coveredconditionals="0" statements="0" coveredstatements="0" elements="0" coveredelements="0"/>
        </class>
        <metrics loc="12" ncloc="8" classes="0" methods="0" coveredmethods="0" conditionals="0" coveredconditionals="0" statements="0" coveredstatements="0" elements="0" coveredelements="0"/>
      </file>
    </package>
    <package name="Config\Exceptions">
      <file name="/var/www/html/averoes/averoes_users/Config/Exceptions/ConfigException.php">
        <class name="Config\Exceptions\ConfigException" namespace="Config\Exceptions" fullPackage="Config" package="Config">
          <metrics complexity="1" methods="1" coveredmethods="0" conditionals="0" coveredconditionals="0" statements="3" coveredstatements="0" elements="4" coveredelements="0"/>
        </class>
        <line num="26" type="method" name="__construct" visibility="public" complexity="1" crap="2" count="0"/>
        <line num="28" type="stmt" count="0"/>
        <line num="29" type="stmt" count="0"/>
        <line num="30" type="stmt" count="0"/>
        <metrics loc="31" ncloc="19" classes="1" methods="1" coveredmethods="0" conditionals="0" coveredconditionals="0" statements="3" coveredstatements="0" elements="4" coveredelements="0"/>
      </file>
      <file name="/var/www/html/averoes/averoes_users/Config/Exceptions/InvalidArgument.php">
        <class name="Config\Exceptions\InvalidArgument" namespace="Config\Exceptions" fullPackage="Config" package="Config">
          <metrics complexity="1" methods="1" coveredmethods="1" conditionals="0" coveredconditionals="0" statements="3" coveredstatements="3" elements="4" coveredelements="4"/>
        </class>
        <line num="26" type="method" name="__construct" visibility="public" complexity="1" crap="1" count="15"/>
        <line num="28" type="stmt" count="15"/>
        <line num="29" type="stmt" count="15"/>
        <line num="30" type="stmt" count="15"/>
        <metrics loc="31" ncloc="19" classes="1" methods="1" coveredmethods="1" conditionals="0" coveredconditionals="0" statements="3" coveredstatements="3" elements="4" coveredelements="4"/>
      </file>
    </package>
    <package name="Config">
      <file name="/var/www/html/averoes/averoes_users/Config/PDOConfigEntity.php">
        <class name="Config\PDOConfigEntity" namespace="Config" fullPackage="Config" package="Config">
          <metrics complexity="32" methods="15" coveredmethods="15" conditionals="0" coveredconditionals="0" statements="47" coveredstatements="47" elements="62" coveredelements="62"/>
        </class>
        <line num="145" type="method" name="loadDatabaseConfig" visibility="public" complexity="2" crap="2" count="8"/>
        <line num="147" type="stmt" count="8"/>
        <line num="148" type="stmt" count="7"/>
        <line num="149" type="stmt" count="7"/>
        <line num="152" type="stmt" count="2"/>
        <line num="153" type="stmt" count="2"/>
        <line num="154" type="stmt" count="1"/>
        <line num="155" type="stmt" count="1"/>
        <line num="156" type="stmt" count="1"/>
        <line num="158" type="stmt" count="1"/>
        <line num="162" type="method" name="getDriver" visibility="public" complexity="2" crap="2" count="1"/>
        <line num="164" type="stmt" count="1"/>
        <line num="172" type="method" name="setDriver" visibility="public" complexity="2" crap="2" count="10"/>
        <line num="174" type="stmt" count="10"/>
        <line num="175" type="stmt" count="7"/>
        <line num="176" type="stmt" count="7"/>
        <line num="178" type="stmt" count="3"/>
        <line num="183" type="method" name="getHost" visibility="public" complexity="2" crap="2" count="1"/>
        <line num="185" type="stmt" count="1"/>
        <line num="193" type="method" name="setHost" visibility="public" complexity="2" crap="2" count="9"/>
        <line num="195" type="stmt" count="9"/>
        <line num="196" type="stmt" count="9"/>
        <line num="197" type="stmt" count="6"/>
        <line num="198" type="stmt" count="6"/>
        <line num="200" type="stmt" count="3"/>
        <line num="205" type="method" name="getDatabase" visibility="public" complexity="2" crap="2" count="1"/>
        <line num="207" type="stmt" count="1"/>
        <line num="215" type="method" name="setDatabase" visibility="public" complexity="2" crap="2" count="7"/>
        <line num="217" type="stmt" count="7"/>
        <line num="218" type="stmt" count="5"/>
        <line num="219" type="stmt" count="5"/>
        <line num="221" type="stmt" count="2"/>
        <line num="226" type="method" name="getCharset" visibility="public" complexity="2" crap="2" count="1"/>
        <line num="228" type="stmt" count="1"/>
        <line num="236" type="method" name="setCharset" visibility="public" complexity="2" crap="2" count="7"/>
        <line num="238" type="stmt" count="7"/>
        <line num="239" type="stmt" count="7"/>
        <line num="240" type="stmt" count="4"/>
        <line num="241" type="stmt" count="4"/>
        <line num="243" type="stmt" count="3"/>
        <line num="248" type="method" name="getUsername" visibility="public" complexity="2" crap="2" count="1"/>
        <line num="250" type="stmt" count="1"/>
        <line num="258" type="method" name="setUsername" visibility="public" complexity="2" crap="2" count="5"/>
        <line num="260" type="stmt" count="5"/>
        <line num="261" type="stmt" count="3"/>
        <line num="262" type="stmt" count="3"/>
        <line num="264" type="stmt" count="2"/>
        <line num="269" type="method" name="getPassword" visibility="public" complexity="2" crap="2" count="1"/>
        <line num="271" type="stmt" count="1"/>
        <line num="279" type="method" name="setPassword" visibility="public" complexity="2" crap="2" count="4"/>
        <line num="281" type="stmt" count="4"/>
        <line num="282" type="stmt" count="2"/>
        <line num="283" type="stmt" count="2"/>
        <line num="285" type="stmt" count="2"/>
        <line num="293" type="method" name="getDns" visibility="public" complexity="2" crap="2" count="1"/>
        <line num="295" type="stmt" count="1"/>
        <line num="305" type="method" name="setDns" visibility="public" complexity="1" crap="1" count="1"/>
        <line num="311" type="stmt" count="1"/>
        <line num="312" type="stmt" count="1"/>
        <line num="313" type="stmt" count="1"/>
        <line num="314" type="stmt" count="1"/>
        <line num="315" type="stmt" count="1"/>
        <metrics loc="316" ncloc="235" classes="1" methods="15" coveredmethods="15" conditionals="0" coveredconditionals="0" statements="47" coveredstatements="47" elements="62" coveredelements="62"/>
      </file>
    </package>
    <package name="Entities\Exceptions">
      <file name="/var/www/html/averoes/averoes_users/Entities/Exceptions/EntityException.php">
        <class name="Entities\Exceptions\EntityException" namespace="Entities\Exceptions" fullPackage="Entities" package="Entities">
          <metrics complexity="1" methods="1" coveredmethods="0" conditionals="0" coveredconditionals="0" statements="3" coveredstatements="0" elements="4" coveredelements="0"/>
        </class>
        <line num="26" type="method" name="__construct" visibility="public" complexity="1" crap="2" count="0"/>
        <line num="28" type="stmt" count="0"/>
        <line num="29" type="stmt" count="0"/>
        <line num="30" type="stmt" count="0"/>
        <metrics loc="31" ncloc="19" classes="1" methods="1" coveredmethods="0" conditionals="0" coveredconditionals="0" statements="3" coveredstatements="0" elements="4" coveredelements="0"/>
      </file>
      <file name="/var/www/html/averoes/averoes_users/Entities/Exceptions/InvalidArgument.php">
        <class name="Entities\Exceptions\InvalidArgument" namespace="Entities\Exceptions" fullPackage="Entities" package="Entities">
          <metrics complexity="1" methods="1" coveredmethods="1" conditionals="0" coveredconditionals="0" statements="3" coveredstatements="3" elements="4" coveredelements="4"/>
        </class>
        <line num="26" type="method" name="__construct" visibility="public" complexity="1" crap="1" count="25"/>
        <line num="28" type="stmt" count="25"/>
        <line num="29" type="stmt" count="25"/>
        <line num="30" type="stmt" count="25"/>
        <metrics loc="31" ncloc="19" classes="1" methods="1" coveredmethods="1" conditionals="0" coveredconditionals="0" statements="3" coveredstatements="3" elements="4" coveredelements="4"/>
      </file>
    </package>
    <package name="Entities\Helpers">
      <file name="/var/www/html/averoes/averoes_users/Entities/Helpers/EntityHelper.php">
        <class name="Entities\Helpers\EntityHelper" namespace="Entities\Helpers" fullPackage="Entities" package="Entities">
          <metrics complexity="2" methods="0" coveredmethods="0" conditionals="0" coveredconditionals="0" statements="0" coveredstatements="0" elements="0" coveredelements="0"/>
        </class>
        <metrics loc="27" ncloc="17" classes="0" methods="0" coveredmethods="0" conditionals="0" coveredconditionals="0" statements="0" coveredstatements="0" elements="0" coveredelements="0"/>
      </file>
    </package>
    <file name="/var/www/html/averoes/averoes_users/Entities/Interfaces/EntityInterface.php">
      <metrics loc="25" ncloc="12" classes="0" methods="0" coveredmethods="0" conditionals="0" coveredconditionals="0" statements="0" coveredstatements="0" elements="0" coveredelements="0"/>
    </file>
    <package name="Entities">
      <file name="/var/www/html/averoes/averoes_users/Entities/User.php">
        <class name="Entities\User" namespace="Entities" fullPackage="App" package="App">
          <metrics complexity="44" methods="16" coveredmethods="16" conditionals="0" coveredconditionals="0" statements="34" coveredstatements="34" elements="50" coveredelements="50"/>
        </class>
        <line num="129" type="method" name="getUserId" visibility="public" complexity="1" crap="1" count="1"/>
        <line num="131" type="stmt" count="1"/>
        <line num="139" type="method" name="setUserId" visibility="public" complexity="2" crap="2" count="2"/>
        <line num="141" type="stmt" count="2"/>
        <line num="142" type="stmt" count="1"/>
        <line num="143" type="stmt" count="1"/>
        <line num="145" type="stmt" count="1"/>
        <line num="150" type="method" name="getUserGroupId" visibility="public" complexity="2" crap="2" count="2"/>
        <line num="152" type="stmt" count="2"/>
        <line num="160" type="method" name="setUserGroupId" visibility="public" complexity="3" crap="3" count="3"/>
        <line num="162" type="stmt" count="3"/>
        <line num="163" type="stmt" count="2"/>
        <line num="164" type="stmt" count="2"/>
        <line num="166" type="stmt" count="1"/>
        <line num="171" type="method" name="getUserName" visibility="public" complexity="1" crap="1" count="1"/>
        <line num="173" type="stmt" count="1"/>
        <line num="181" type="method" name="setUserName" visibility="public" complexity="2" crap="2" count="2"/>
        <line num="183" type="stmt" count="2"/>
        <line num="184" type="stmt" count="1"/>
        <line num="185" type="stmt" count="1"/>
        <line num="187" type="stmt" count="1"/>
        <line num="192" type="method" name="getUserFirstname" visibility="public" complexity="1" crap="1" count="1"/>
        <line num="194" type="stmt" count="1"/>
        <line num="202" type="method" name="setUserFirstname" visibility="public" complexity="2" crap="2" count="2"/>
        <line num="204" type="stmt" count="2"/>
        <line num="205" type="stmt" count="1"/>
        <line num="206" type="stmt" count="1"/>
        <line num="208" type="stmt" count="1"/>
        <line num="213" type="method" name="getUserLastname" visibility="public" complexity="1" crap="1" count="1"/>
        <line num="215" type="stmt" count="1"/>
        <line num="223" type="method" name="setUserLastname" visibility="public" complexity="2" crap="2" count="2"/>
        <line num="225" type="stmt" count="2"/>
        <line num="226" type="stmt" count="1"/>
        <line num="227" type="stmt" count="1"/>
        <line num="229" type="stmt" count="1"/>
        <line num="234" type="method" name="isUserEnabled" visibility="public" complexity="1" crap="1" count="1"/>
        <line num="236" type="stmt" count="1"/>
        <line num="244" type="method" name="setUserEnabled" visibility="public" complexity="1" crap="1" count="1"/>
        <line num="246" type="stmt" count="1"/>
        <line num="247" type="stmt" count="1"/>
        <line num="250" type="method" name="getCreationDate" visibility="public" complexity="1" crap="1" count="1"/>
        <line num="252" type="stmt" count="1"/>
        <line num="260" type="method" name="setCreationDate" visibility="public" complexity="1" crap="1" count="1"/>
        <line num="262" type="stmt" count="1"/>
        <line num="263" type="stmt" count="1"/>
        <line num="266" type="method" name="getUpdateDate" visibility="public" complexity="2" crap="2" count="2"/>
        <line num="268" type="stmt" count="2"/>
        <line num="276" type="method" name="setUpdateDate" visibility="public" complexity="2" crap="2" count="2"/>
        <line num="278" type="stmt" count="2"/>
        <line num="279" type="stmt" count="2"/>
        <metrics loc="280" ncloc="206" classes="1" methods="16" coveredmethods="16" conditionals="0" coveredconditionals="0" statements="34" coveredstatements="34" elements="50" coveredelements="50"/>
      </file>
      <file name="/var/www/html/averoes/averoes_users/Entities/UserEmail.php">
        <class name="Entities\UserEmail" namespace="Entities" fullPackage="App" package="App">
          <metrics complexity="40" methods="16" coveredmethods="16" conditionals="0" coveredconditionals="0" statements="39" coveredstatements="39" elements="55" coveredelements="55"/>
        </class>
        <line num="128" type="method" name="getUserEmailId" visibility="public" complexity="1" crap="1" count="1"/>
        <line num="130" type="stmt" count="1"/>
        <line num="138" type="method" name="setUserEmailId" visibility="public" complexity="2" crap="2" count="2"/>
        <line num="140" type="stmt" count="2"/>
        <line num="141" type="stmt" count="1"/>
        <line num="142" type="stmt" count="1"/>
        <line num="144" type="stmt" count="1"/>
        <line num="149" type="method" name="getUserId" visibility="public" complexity="1" crap="1" count="1"/>
        <line num="151" type="stmt" count="1"/>
        <line num="159" type="method" name="setUserId" visibility="public" complexity="2" crap="2" count="2"/>
        <line num="161" type="stmt" count="2"/>
        <line num="162" type="stmt" count="1"/>
        <line num="163" type="stmt" count="1"/>
        <line num="165" type="stmt" count="1"/>
        <line num="170" type="method" name="getUserEmail" visibility="public" complexity="1" crap="1" count="1"/>
        <line num="172" type="stmt" count="1"/>
        <line num="180" type="method" name="setUserEmail" visibility="public" complexity="2" crap="2" count="3"/>
        <line num="182" type="stmt" count="3"/>
        <line num="183" type="stmt" count="3"/>
        <line num="184" type="stmt" count="1"/>
        <line num="185" type="stmt" count="1"/>
        <line num="187" type="stmt" count="1"/>
        <line num="188" type="stmt" count="1"/>
        <line num="189" type="stmt" count="1"/>
        <line num="191" type="stmt" count="2"/>
        <line num="196" type="method" name="getLocalPart" visibility="public" complexity="1" crap="1" count="1"/>
        <line num="198" type="stmt" count="1"/>
        <line num="206" type="method" name="setLocalPart" visibility="public" complexity="2" crap="2" count="4"/>
        <line num="208" type="stmt" count="4"/>
        <line num="209" type="stmt" count="2"/>
        <line num="210" type="stmt" count="2"/>
        <line num="212" type="stmt" count="2"/>
        <line num="217" type="method" name="getDomainName" visibility="public" complexity="1" crap="1" count="1"/>
        <line num="219" type="stmt" count="1"/>
        <line num="227" type="method" name="setDomainName" visibility="public" complexity="2" crap="2" count="4"/>
        <line num="229" type="stmt" count="4"/>
        <line num="230" type="stmt" count="4"/>
        <line num="231" type="stmt" count="3"/>
        <line num="232" type="stmt" count="3"/>
        <line num="234" type="stmt" count="1"/>
        <line num="239" type="method" name="isEmailEnabled" visibility="public" complexity="1" crap="1" count="1"/>
        <line num="241" type="stmt" count="1"/>
        <line num="249" type="method" name="setEmailEnabled" visibility="public" complexity="1" crap="1" count="1"/>
        <line num="251" type="stmt" count="1"/>
        <line num="252" type="stmt" count="1"/>
        <line num="255" type="method" name="getCreationDate" visibility="public" complexity="1" crap="1" count="1"/>
        <line num="257" type="stmt" count="1"/>
        <line num="265" type="method" name="setCreationDate" visibility="public" complexity="1" crap="1" count="1"/>
        <line num="267" type="stmt" count="1"/>
        <line num="268" type="stmt" count="1"/>
        <line num="271" type="method" name="getUpdateDate" visibility="public" complexity="2" crap="2" count="2"/>
        <line num="273" type="stmt" count="2"/>
        <line num="281" type="method" name="setUpdateDate" visibility="public" complexity="2" crap="2" count="2"/>
        <line num="283" type="stmt" count="2"/>
        <line num="284" type="stmt" count="2"/>
        <metrics loc="285" ncloc="211" classes="1" methods="16" coveredmethods="16" conditionals="0" coveredconditionals="0" statements="39" coveredstatements="39" elements="55" coveredelements="55"/>
      </file>
      <file name="/var/www/html/averoes/averoes_users/Entities/UserGroup.php">
        <class name="Entities\UserGroup" namespace="Entities" fullPackage="App" package="App">
          <metrics complexity="30" methods="10" coveredmethods="10" conditionals="0" coveredconditionals="0" statements="19" coveredstatements="19" elements="29" coveredelements="29"/>
        </class>
        <line num="114" type="method" name="getUserGroupId" visibility="public" complexity="1" crap="1" count="1"/>
        <line num="116" type="stmt" count="1"/>
        <line num="124" type="method" name="setUserGroupId" visibility="public" complexity="2" crap="2" count="2"/>
        <line num="126" type="stmt" count="2"/>
        <line num="127" type="stmt" count="1"/>
        <line num="128" type="stmt" count="1"/>
        <line num="130" type="stmt" count="1"/>
        <line num="135" type="method" name="getGroupName" visibility="public" complexity="1" crap="1" count="1"/>
        <line num="137" type="stmt" count="1"/>
        <line num="145" type="method" name="setGroupName" visibility="public" complexity="2" crap="2" count="2"/>
        <line num="147" type="stmt" count="2"/>
        <line num="148" type="stmt" count="1"/>
        <line num="149" type="stmt" count="1"/>
        <line num="151" type="stmt" count="1"/>
        <line num="156" type="method" name="isGroupEnabled" visibility="public" complexity="1" crap="1" count="1"/>
        <line num="158" type="stmt" count="1"/>
        <line num="166" type="method" name="setGroupEnabled" visibility="public" complexity="1" crap="1" count="1"/>
        <line num="168" type="stmt" count="1"/>
        <line num="169" type="stmt" count="1"/>
        <line num="172" type="method" name="getCreationDate" visibility="public" complexity="1" crap="1" count="1"/>
        <line num="174" type="stmt" count="1"/>
        <line num="182" type="method" name="setCreationDate" visibility="public" complexity="1" crap="1" count="1"/>
        <line num="184" type="stmt" count="1"/>
        <line num="185" type="stmt" count="1"/>
        <line num="188" type="method" name="getUpdateDate" visibility="public" complexity="2" crap="2" count="2"/>
        <line num="190" type="stmt" count="2"/>
        <line num="198" type="method" name="setUpdateDate" visibility="public" complexity="2" crap="2" count="2"/>
        <line num="200" type="stmt" count="2"/>
        <line num="201" type="stmt" count="2"/>
        <metrics loc="202" ncloc="149" classes="1" methods="10" coveredmethods="10" conditionals="0" coveredconditionals="0" statements="19" coveredstatements="19" elements="29" coveredelements="29"/>
      </file>
      <file name="/var/www/html/averoes/averoes_users/Entities/UserPassword.php">
        <class name="Entities\UserPassword" namespace="Entities" fullPackage="App" package="App">
          <metrics complexity="34" methods="12" coveredmethods="12" conditionals="0" coveredconditionals="0" statements="24" coveredstatements="24" elements="36" coveredelements="36"/>
        </class>
        <line num="119" type="method" name="getUserPasswordId" visibility="public" complexity="1" crap="1" count="1"/>
        <line num="121" type="stmt" count="1"/>
        <line num="129" type="method" name="setUserPasswordId" visibility="public" complexity="2" crap="2" count="2"/>
        <line num="131" type="stmt" count="2"/>
        <line num="132" type="stmt" count="1"/>
        <line num="133" type="stmt" count="1"/>
        <line num="135" type="stmt" count="1"/>
        <line num="140" type="method" name="getUserId" visibility="public" complexity="1" crap="1" count="1"/>
        <line num="142" type="stmt" count="1"/>
        <line num="150" type="method" name="setUserId" visibility="public" complexity="2" crap="2" count="2"/>
        <line num="152" type="stmt" count="2"/>
        <line num="153" type="stmt" count="1"/>
        <line num="154" type="stmt" count="1"/>
        <line num="156" type="stmt" count="1"/>
        <line num="161" type="method" name="getUserPassword" visibility="public" complexity="1" crap="1" count="1"/>
        <line num="163" type="stmt" count="1"/>
        <line num="171" type="method" name="setUserPassword" visibility="public" complexity="2" crap="2" count="2"/>
        <line num="173" type="stmt" count="2"/>
        <line num="174" type="stmt" count="1"/>
        <line num="175" type="stmt" count="1"/>
        <line num="177" type="stmt" count="1"/>
        <line num="182" type="method" name="isPasswordEnabled" visibility="public" complexity="1" crap="1" count="1"/>
        <line num="184" type="stmt" count="1"/>
        <line num="192" type="method" name="setPasswordEnabled" visibility="public" complexity="1" crap="1" count="1"/>
        <line num="194" type="stmt" count="1"/>
        <line num="195" type="stmt" count="1"/>
        <line num="198" type="method" name="getCreationDate" visibility="public" complexity="1" crap="1" count="1"/>
        <line num="200" type="stmt" count="1"/>
        <line num="208" type="method" name="setCreationDate" visibility="public" complexity="1" crap="1" count="1"/>
        <line num="210" type="stmt" count="1"/>
        <line num="211" type="stmt" count="1"/>
        <line num="214" type="method" name="getUpdateDate" visibility="public" complexity="2" crap="2" count="2"/>
        <line num="216" type="stmt" count="2"/>
        <line num="224" type="method" name="setUpdateDate" visibility="public" complexity="2" crap="2" count="2"/>
        <line num="226" type="stmt" count="2"/>
        <line num="227" type="stmt" count="2"/>
        <metrics loc="228" ncloc="168" classes="1" methods="12" coveredmethods="12" conditionals="0" coveredconditionals="0" statements="24" coveredstatements="24" elements="36" coveredelements="36"/>
      </file>
      <file name="/var/www/html/averoes/averoes_users/Entities/UserProperty.php">
        <class name="Entities\UserProperty" namespace="Entities" fullPackage="App" package="App">
          <metrics complexity="40" methods="14" coveredmethods="14" conditionals="0" coveredconditionals="0" statements="29" coveredstatements="29" elements="43" coveredelements="43"/>
        </class>
        <line num="138" type="method" name="getUserPropertyId" visibility="public" complexity="1" crap="1" count="1"/>
        <line num="140" type="stmt" count="1"/>
        <line num="148" type="method" name="setUserPropertyId" visibility="public" complexity="2" crap="2" count="2"/>
        <line num="150" type="stmt" count="2"/>
        <line num="151" type="stmt" count="1"/>
        <line num="152" type="stmt" count="1"/>
        <line num="154" type="stmt" count="1"/>
        <line num="159" type="method" name="getUserGroupId" visibility="public" complexity="2" crap="2" count="2"/>
        <line num="161" type="stmt" count="2"/>
        <line num="169" type="method" name="setUserGroupId" visibility="public" complexity="3" crap="3" count="3"/>
        <line num="171" type="stmt" count="3"/>
        <line num="172" type="stmt" count="2"/>
        <line num="173" type="stmt" count="2"/>
        <line num="175" type="stmt" count="1"/>
        <line num="180" type="method" name="getPropertyName" visibility="public" complexity="1" crap="1" count="1"/>
        <line num="182" type="stmt" count="1"/>
        <line num="190" type="method" name="setPropertyName" visibility="public" complexity="2" crap="2" count="2"/>
        <line num="192" type="stmt" count="2"/>
        <line num="193" type="stmt" count="1"/>
        <line num="194" type="stmt" count="1"/>
        <line num="196" type="stmt" count="1"/>
        <line num="201" type="method" name="getPropertyType" visibility="public" complexity="1" crap="1" count="1"/>
        <line num="203" type="stmt" count="1"/>
        <line num="211" type="method" name="setPropertyType" visibility="public" complexity="2" crap="2" count="2"/>
        <line num="213" type="stmt" count="2"/>
        <line num="214" type="stmt" count="1"/>
        <line num="215" type="stmt" count="1"/>
        <line num="217" type="stmt" count="1"/>
        <line num="222" type="method" name="isPropertyEnabled" visibility="public" complexity="1" crap="1" count="1"/>
        <line num="224" type="stmt" count="1"/>
        <line num="232" type="method" name="setPropertyEnabled" visibility="public" complexity="1" crap="1" count="1"/>
        <line num="234" type="stmt" count="1"/>
        <line num="235" type="stmt" count="1"/>
        <line num="238" type="method" name="getCreationDate" visibility="public" complexity="1" crap="1" count="1"/>
        <line num="240" type="stmt" count="1"/>
        <line num="248" type="method" name="setCreationDate" visibility="public" complexity="1" crap="1" count="1"/>
        <line num="250" type="stmt" count="1"/>
        <line num="251" type="stmt" count="1"/>
        <line num="254" type="method" name="getUpdateDate" visibility="public" complexity="2" crap="2" count="2"/>
        <line num="256" type="stmt" count="2"/>
        <line num="264" type="method" name="setUpdateDate" visibility="public" complexity="2" crap="2" count="2"/>
        <line num="266" type="stmt" count="2"/>
        <line num="267" type="stmt" count="2"/>
        <metrics loc="268" ncloc="201" classes="1" methods="14" coveredmethods="14" conditionals="0" coveredconditionals="0" statements="29" coveredstatements="29" elements="43" coveredelements="43"/>
      </file>
      <file name="/var/www/html/averoes/averoes_users/Entities/UserPropertyValue.php">
        <class name="Entities\UserPropertyValue" namespace="Entities" fullPackage="App" package="App">
          <metrics complexity="44" methods="12" coveredmethods="12" conditionals="0" coveredconditionals="0" statements="32" coveredstatements="32" elements="44" coveredelements="44"/>
        </class>
        <line num="124" type="method" name="getUserPropertyValueId" visibility="public" complexity="1" crap="1" count="1"/>
        <line num="126" type="stmt" count="1"/>
        <line num="134" type="method" name="setUserPropertyValueId" visibility="public" complexity="2" crap="2" count="2"/>
        <line num="136" type="stmt" count="2"/>
        <line num="137" type="stmt" count="1"/>
        <line num="138" type="stmt" count="1"/>
        <line num="140" type="stmt" count="1"/>
        <line num="145" type="method" name="getUserId" visibility="public" complexity="1" crap="1" count="1"/>
        <line num="147" type="stmt" count="1"/>
        <line num="155" type="method" name="setUserId" visibility="public" complexity="2" crap="2" count="2"/>
        <line num="157" type="stmt" count="2"/>
        <line num="158" type="stmt" count="1"/>
        <line num="159" type="stmt" count="1"/>
        <line num="161" type="stmt" count="1"/>
        <line num="166" type="method" name="getUserPropertyId" visibility="public" complexity="1" crap="1" count="1"/>
        <line num="168" type="stmt" count="1"/>
        <line num="176" type="method" name="setUserPropertyId" visibility="public" complexity="2" crap="2" count="2"/>
        <line num="178" type="stmt" count="2"/>
        <line num="179" type="stmt" count="1"/>
        <line num="180" type="stmt" count="1"/>
        <line num="182" type="stmt" count="1"/>
        <line num="187" type="method" name="getCustomValue" visibility="public" complexity="1" crap="1" count="1"/>
        <line num="189" type="stmt" count="1"/>
        <line num="197" type="method" name="setCustomValue" visibility="public" complexity="7" crap="7" count="2"/>
        <line num="200" type="stmt" count="2"/>
        <line num="201" type="stmt" count="2"/>
        <line num="202" type="stmt" count="2"/>
        <line num="203" type="stmt" count="2"/>
        <line num="204" type="stmt" count="2"/>
        <line num="206" type="stmt" count="2"/>
        <line num="207" type="stmt" count="1"/>
        <line num="208" type="stmt" count="1"/>
        <line num="210" type="stmt" count="1"/>
        <line num="211" type="stmt" count="1"/>
        <line num="217" type="method" name="getCreationDate" visibility="public" complexity="1" crap="1" count="1"/>
        <line num="219" type="stmt" count="1"/>
        <line num="227" type="method" name="setCreationDate" visibility="public" complexity="1" crap="1" count="1"/>
        <line num="229" type="stmt" count="1"/>
        <line num="230" type="stmt" count="1"/>
        <line num="233" type="method" name="getUpdateDate" visibility="public" complexity="2" crap="2" count="2"/>
        <line num="235" type="stmt" count="2"/>
        <line num="243" type="method" name="setUpdateDate" visibility="public" complexity="2" crap="2" count="2"/>
        <line num="245" type="stmt" count="2"/>
        <line num="246" type="stmt" count="2"/>
        <metrics loc="247" ncloc="186" classes="1" methods="12" coveredmethods="12" conditionals="0" coveredconditionals="0" statements="32" coveredstatements="32" elements="44" coveredelements="44"/>
      </file>
    </package>
    <package name="Models\Engine">
      <file name="/var/www/html/averoes/averoes_users/Models/Engine/ModelManager.php">
        <class name="Models\Engine\ModelManager" namespace="Models\Engine" fullPackage="Database" package="Database">
          <metrics complexity="1" methods="1" coveredmethods="0" conditionals="0" coveredconditionals="0" statements="6" coveredstatements="0" elements="7" coveredelements="0"/>
        </class>
        <line num="25" type="method" name="__construct" visibility="public" complexity="1" crap="2" count="0"/>
        <line num="27" type="stmt" count="0"/>
        <line num="28" type="stmt" count="0"/>
        <line num="29" type="stmt" count="0"/>
        <line num="30" type="stmt" count="0"/>
        <line num="31" type="stmt" count="0"/>
        <line num="33" type="stmt" count="0"/>
        <metrics loc="34" ncloc="25" classes="1" methods="1" coveredmethods="0" conditionals="0" coveredconditionals="0" statements="6" coveredstatements="0" elements="7" coveredelements="0"/>
      </file>
    </package>
    <package name="Models\Exceptions">
      <file name="/var/www/html/averoes/averoes_users/Models/Exceptions/InvalidArgument.php">
        <class name="Models\Exceptions\InvalidArgument" namespace="Models\Exceptions" fullPackage="Models" package="Models">
          <metrics complexity="1" methods="1" coveredmethods="0" conditionals="0" coveredconditionals="0" statements="3" coveredstatements="0" elements="4" coveredelements="0"/>
        </class>
        <line num="26" type="method" name="__construct" visibility="public" complexity="1" crap="2" count="0"/>
        <line num="28" type="stmt" count="0"/>
        <line num="29" type="stmt" count="0"/>
        <line num="30" type="stmt" count="0"/>
        <metrics loc="31" ncloc="19" classes="1" methods="1" coveredmethods="0" conditionals="0" coveredconditionals="0" statements="3" coveredstatements="0" elements="4" coveredelements="0"/>
      </file>
      <file name="/var/www/html/averoes/averoes_users/Models/Exceptions/ModelException.php">
        <class name="Models\Exceptions\ModelException" namespace="Models\Exceptions" fullPackage="Models" package="Models">
          <metrics complexity="1" methods="1" coveredmethods="0" conditionals="0" coveredconditionals="0" statements="3" coveredstatements="0" elements="4" coveredelements="0"/>
        </class>
        <line num="26" type="method" name="__construct" visibility="public" complexity="1" crap="2" count="0"/>
        <line num="28" type="stmt" count="0"/>
        <line num="29" type="stmt" count="0"/>
        <line num="30" type="stmt" count="0"/>
        <metrics loc="31" ncloc="19" classes="1" methods="1" coveredmethods="0" conditionals="0" coveredconditionals="0" statements="3" coveredstatements="0" elements="4" coveredelements="0"/>
      </file>
    </package>
    <package name="Models\Helpers">
      <file name="/var/www/html/averoes/averoes_users/Models/Helpers/ModelHelper.php">
        <class name="Models\Helpers\ModelHelper" namespace="Models\Helpers" fullPackage="Models" package="Models">
          <metrics complexity="5" methods="1" coveredmethods="0" conditionals="0" coveredconditionals="0" statements="10" coveredstatements="0" elements="11" coveredelements="0"/>
        </class>
        <line num="19" type="method" name="quoteFields" visibility="public" complexity="5" crap="30" count="0"/>
        <line num="21" type="stmt" count="0"/>
        <line num="22" type="stmt" count="0"/>
        <line num="23" type="stmt" count="0"/>
        <line num="24" type="stmt" count="0"/>
        <line num="25" type="stmt" count="0"/>
        <line num="26" type="stmt" count="0"/>
        <line num="28" type="stmt" count="0"/>
        <line num="29" type="stmt" count="0"/>
        <line num="31" type="stmt" count="0"/>
        <line num="33" type="stmt" count="0"/>
        <metrics loc="35" ncloc="27" classes="1" methods="1" coveredmethods="0" conditionals="0" coveredconditionals="0" statements="10" coveredstatements="0" elements="11" coveredelements="0"/>
      </file>
    </package>
    <file name="/var/www/html/averoes/averoes_users/Models/Interfaces/ModelInterface.php">
      <metrics loc="181" ncloc="69" classes="0" methods="0" coveredmethods="0" conditionals="0" coveredconditionals="0" statements="0" coveredstatements="0" elements="0" coveredelements="0"/>
    </file>
    <package name="Models">
      <file name="/var/www/html/averoes/averoes_users/Models/UserEmailModel.php">
        <class name="Models\UserEmailModel" namespace="Models" fullPackage="Models" package="Models">
          <metrics complexity="26" methods="13" coveredmethods="0" conditionals="0" coveredconditionals="0" statements="42" coveredstatements="0" elements="55" coveredelements="0"/>
        </class>
        <line num="24" type="method" name="__construct" visibility="public" complexity="1" crap="2" count="0"/>
        <line num="26" type="stmt" count="0"/>
        <line num="27" type="stmt" count="0"/>
        <line num="36" type="method" name="getOneById" visibility="public" complexity="3" crap="12" count="0"/>
        <line num="40" type="stmt" count="0"/>
        <line num="42" type="stmt" count="0"/>
        <line num="43" type="stmt" count="0"/>
        <line num="44" type="stmt" count="0"/>
        <line num="45" type="stmt" count="0"/>
        <line num="47" type="stmt" count="0"/>
        <line num="48" type="stmt" count="0"/>
        <line num="50" type="stmt" count="0"/>
        <line num="51" type="stmt" count="0"/>
        <line num="52" type="stmt" count="0"/>
        <line num="53" type="stmt" count="0"/>
        <line num="55" type="stmt" count="0"/>
        <line num="57" type="stmt" count="0"/>
        <line num="59" type="stmt" count="0"/>
        <line num="72" type="method" name="getManyByIds" visibility="public" complexity="3" crap="12" count="0"/>
        <line num="78" type="stmt" count="0"/>
        <line num="79" type="stmt" count="0"/>
        <line num="81" type="stmt" count="0"/>
        <line num="82" type="stmt" count="0"/>
        <line num="83" type="stmt" count="0"/>
        <line num="84" type="stmt" count="0"/>
        <line num="85" type="stmt" count="0"/>
        <line num="87" type="stmt" count="0"/>
        <line num="88" type="stmt" count="0"/>
        <line num="90" type="stmt" count="0"/>
        <line num="91" type="stmt" count="0"/>
        <line num="92" type="stmt" count="0"/>
        <line num="93" type="stmt" count="0"/>
        <line num="95" type="stmt" count="0"/>
        <line num="97" type="stmt" count="0"/>
        <line num="99" type="stmt" count="0"/>
        <line num="112" type="method" name="getCustom" visibility="public" complexity="2" crap="6" count="0"/>
        <line num="119" type="stmt" count="0"/>
        <line num="130" type="method" name="getAll" visibility="public" complexity="2" crap="6" count="0"/>
        <line num="136" type="stmt" count="0"/>
        <line num="145" type="method" name="insertOne" visibility="public" complexity="2" crap="6" count="0"/>
        <line num="150" type="stmt" count="0"/>
        <line num="160" type="method" name="insertMany" visibility="public" complexity="2" crap="6" count="0"/>
        <line num="165" type="stmt" count="0"/>
        <line num="176" type="method" name="updateOneById" visibility="public" complexity="2" crap="6" count="0"/>
        <line num="182" type="stmt" count="0"/>
        <line num="193" type="method" name="updateManyByIds" visibility="public" complexity="2" crap="6" count="0"/>
        <line num="199" type="stmt" count="0"/>
        <line num="210" type="method" name="updateManyByCustom" visibility="public" complexity="2" crap="6" count="0"/>
        <line num="216" type="stmt" count="0"/>
        <line num="224" type="method" name="deleteOneById" visibility="public" complexity="1" crap="2" count="0"/>
        <line num="227" type="stmt" count="0"/>
        <line num="235" type="method" name="deleteManyByIds" visibility="public" complexity="2" crap="6" count="0"/>
        <line num="238" type="stmt" count="0"/>
        <line num="246" type="method" name="deleteManyByCustom" visibility="public" complexity="2" crap="6" count="0"/>
        <line num="249" type="stmt" count="0"/>
        <metrics loc="250" ncloc="128" classes="1" methods="13" coveredmethods="0" conditionals="0" coveredconditionals="0" statements="42" coveredstatements="0" elements="55" coveredelements="0"/>
      </file>
      <file name="/var/www/html/averoes/averoes_users/Models/UserGroupModel.php">
        <class name="Models\UserGroupModel" namespace="Models" fullPackage="Models" package="Models">
          <metrics complexity="26" methods="13" coveredmethods="0" conditionals="0" coveredconditionals="0" statements="42" coveredstatements="0" elements="55" coveredelements="0"/>
        </class>
        <line num="24" type="method" name="__construct" visibility="public" complexity="1" crap="2" count="0"/>
        <line num="26" type="stmt" count="0"/>
        <line num="27" type="stmt" count="0"/>
        <line num="36" type="method" name="getOneById" visibility="public" complexity="3" crap="12" count="0"/>
        <line num="40" type="stmt" count="0"/>
        <line num="42" type="stmt" count="0"/>
        <line num="43" type="stmt" count="0"/>
        <line num="44" type="stmt" count="0"/>
        <line num="45" type="stmt" count="0"/>
        <line num="47" type="stmt" count="0"/>
        <line num="48" type="stmt" count="0"/>
        <line num="50" type="stmt" count="0"/>
        <line num="51" type="stmt" count="0"/>
        <line num="52" type="stmt" count="0"/>
        <line num="53" type="stmt" count="0"/>
        <line num="55" type="stmt" count="0"/>
        <line num="57" type="stmt" count="0"/>
        <line num="59" type="stmt" count="0"/>
        <line num="72" type="method" name="getManyByIds" visibility="public" complexity="3" crap="12" count="0"/>
        <line num="78" type="stmt" count="0"/>
        <line num="79" type="stmt" count="0"/>
        <line num="81" type="stmt" count="0"/>
        <line num="82" type="stmt" count="0"/>
        <line num="83" type="stmt" count="0"/>
        <line num="84" type="stmt" count="0"/>
        <line num="85" type="stmt" count="0"/>
        <line num="87" type="stmt" count="0"/>
        <line num="88" type="stmt" count="0"/>
        <line num="90" type="stmt" count="0"/>
        <line num="91" type="stmt" count="0"/>
        <line num="92" type="stmt" count="0"/>
        <line num="93" type="stmt" count="0"/>
        <line num="95" type="stmt" count="0"/>
        <line num="97" type="stmt" count="0"/>
        <line num="99" type="stmt" count="0"/>
        <line num="112" type="method" name="getCustom" visibility="public" complexity="2" crap="6" count="0"/>
        <line num="119" type="stmt" count="0"/>
        <line num="130" type="method" name="getAll" visibility="public" complexity="2" crap="6" count="0"/>
        <line num="136" type="stmt" count="0"/>
        <line num="145" type="method" name="insertOne" visibility="public" complexity="2" crap="6" count="0"/>
        <line num="150" type="stmt" count="0"/>
        <line num="160" type="method" name="insertMany" visibility="public" complexity="2" crap="6" count="0"/>
        <line num="165" type="stmt" count="0"/>
        <line num="176" type="method" name="updateOneById" visibility="public" complexity="2" crap="6" count="0"/>
        <line num="182" type="stmt" count="0"/>
        <line num="193" type="method" name="updateManyByIds" visibility="public" complexity="2" crap="6" count="0"/>
        <line num="199" type="stmt" count="0"/>
        <line num="210" type="method" name="updateManyByCustom" visibility="public" complexity="2" crap="6" count="0"/>
        <line num="216" type="stmt" count="0"/>
        <line num="224" type="method" name="deleteOneById" visibility="public" complexity="1" crap="2" count="0"/>
        <line num="227" type="stmt" count="0"/>
        <line num="235" type="method" name="deleteManyByIds" visibility="public" complexity="2" crap="6" count="0"/>
        <line num="238" type="stmt" count="0"/>
        <line num="246" type="method" name="deleteManyByCustom" visibility="public" complexity="2" crap="6" count="0"/>
        <line num="249" type="stmt" count="0"/>
        <metrics loc="250" ncloc="128" classes="1" methods="13" coveredmethods="0" conditionals="0" coveredconditionals="0" statements="42" coveredstatements="0" elements="55" coveredelements="0"/>
      </file>
      <file name="/var/www/html/averoes/averoes_users/Models/UserModel.php">
        <class name="Models\UserModel" namespace="Models" fullPackage="Models" package="Models">
          <metrics complexity="26" methods="13" coveredmethods="0" conditionals="0" coveredconditionals="0" statements="42" coveredstatements="0" elements="55" coveredelements="0"/>
        </class>
        <line num="24" type="method" name="__construct" visibility="public" complexity="1" crap="2" count="0"/>
        <line num="26" type="stmt" count="0"/>
        <line num="27" type="stmt" count="0"/>
        <line num="36" type="method" name="getOneById" visibility="public" complexity="3" crap="12" count="0"/>
        <line num="40" type="stmt" count="0"/>
        <line num="42" type="stmt" count="0"/>
        <line num="43" type="stmt" count="0"/>
        <line num="44" type="stmt" count="0"/>
        <line num="45" type="stmt" count="0"/>
        <line num="47" type="stmt" count="0"/>
        <line num="48" type="stmt" count="0"/>
        <line num="50" type="stmt" count="0"/>
        <line num="51" type="stmt" count="0"/>
        <line num="52" type="stmt" count="0"/>
        <line num="53" type="stmt" count="0"/>
        <line num="55" type="stmt" count="0"/>
        <line num="57" type="stmt" count="0"/>
        <line num="59" type="stmt" count="0"/>
        <line num="72" type="method" name="getManyByIds" visibility="public" complexity="3" crap="12" count="0"/>
        <line num="78" type="stmt" count="0"/>
        <line num="79" type="stmt" count="0"/>
        <line num="81" type="stmt" count="0"/>
        <line num="82" type="stmt" count="0"/>
        <line num="83" type="stmt" count="0"/>
        <line num="84" type="stmt" count="0"/>
        <line num="85" type="stmt" count="0"/>
        <line num="87" type="stmt" count="0"/>
        <line num="88" type="stmt" count="0"/>
        <line num="90" type="stmt" count="0"/>
        <line num="91" type="stmt" count="0"/>
        <line num="92" type="stmt" count="0"/>
        <line num="93" type="stmt" count="0"/>
        <line num="95" type="stmt" count="0"/>
        <line num="97" type="stmt" count="0"/>
        <line num="99" type="stmt" count="0"/>
        <line num="112" type="method" name="getCustom" visibility="public" complexity="2" crap="6" count="0"/>
        <line num="119" type="stmt" count="0"/>
        <line num="130" type="method" name="getAll" visibility="public" complexity="2" crap="6" count="0"/>
        <line num="136" type="stmt" count="0"/>
        <line num="145" type="method" name="insertOne" visibility="public" complexity="2" crap="6" count="0"/>
        <line num="150" type="stmt" count="0"/>
        <line num="160" type="method" name="insertMany" visibility="public" complexity="2" crap="6" count="0"/>
        <line num="165" type="stmt" count="0"/>
        <line num="176" type="method" name="updateOneById" visibility="public" complexity="2" crap="6" count="0"/>
        <line num="182" type="stmt" count="0"/>
        <line num="193" type="method" name="updateManyByIds" visibility="public" complexity="2" crap="6" count="0"/>
        <line num="199" type="stmt" count="0"/>
        <line num="210" type="method" name="updateManyByCustom" visibility="public" complexity="2" crap="6" count="0"/>
        <line num="216" type="stmt" count="0"/>
        <line num="224" type="method" name="deleteOneById" visibility="public" complexity="1" crap="2" count="0"/>
        <line num="227" type="stmt" count="0"/>
        <line num="235" type="method" name="deleteManyByIds" visibility="public" complexity="2" crap="6" count="0"/>
        <line num="238" type="stmt" count="0"/>
        <line num="246" type="method" name="deleteManyByCustom" visibility="public" complexity="2" crap="6" count="0"/>
        <line num="249" type="stmt" count="0"/>
        <metrics loc="250" ncloc="128" classes="1" methods="13" coveredmethods="0" conditionals="0" coveredconditionals="0" statements="42" coveredstatements="0" elements="55" coveredelements="0"/>
      </file>
      <file name="/var/www/html/averoes/averoes_users/Models/UserPasswordModel.php">
        <class name="Models\UserPasswordModel" namespace="Models" fullPackage="Models" package="Models">
          <metrics complexity="26" methods="13" coveredmethods="0" conditionals="0" coveredconditionals="0" statements="42" coveredstatements="0" elements="55" coveredelements="0"/>
        </class>
        <line num="24" type="method" name="__construct" visibility="public" complexity="1" crap="2" count="0"/>
        <line num="26" type="stmt" count="0"/>
        <line num="27" type="stmt" count="0"/>
        <line num="36" type="method" name="getOneById" visibility="public" complexity="3" crap="12" count="0"/>
        <line num="40" type="stmt" count="0"/>
        <line num="42" type="stmt" count="0"/>
        <line num="43" type="stmt" count="0"/>
        <line num="44" type="stmt" count="0"/>
        <line num="45" type="stmt" count="0"/>
        <line num="47" type="stmt" count="0"/>
        <line num="48" type="stmt" count="0"/>
        <line num="50" type="stmt" count="0"/>
        <line num="51" type="stmt" count="0"/>
        <line num="52" type="stmt" count="0"/>
        <line num="53" type="stmt" count="0"/>
        <line num="55" type="stmt" count="0"/>
        <line num="57" type="stmt" count="0"/>
        <line num="59" type="stmt" count="0"/>
        <line num="73" type="method" name="getManyByIds" visibility="public" complexity="3" crap="12" count="0"/>
        <line num="79" type="stmt" count="0"/>
        <line num="80" type="stmt" count="0"/>
        <line num="82" type="stmt" count="0"/>
        <line num="83" type="stmt" count="0"/>
        <line num="84" type="stmt" count="0"/>
        <line num="85" type="stmt" count="0"/>
        <line num="86" type="stmt" count="0"/>
        <line num="88" type="stmt" count="0"/>
        <line num="89" type="stmt" count="0"/>
        <line num="91" type="stmt" count="0"/>
        <line num="92" type="stmt" count="0"/>
        <line num="93" type="stmt" count="0"/>
        <line num="94" type="stmt" count="0"/>
        <line num="96" type="stmt" count="0"/>
        <line num="98" type="stmt" count="0"/>
        <line num="100" type="stmt" count="0"/>
        <line num="113" type="method" name="getCustom" visibility="public" complexity="2" crap="6" count="0"/>
        <line num="120" type="stmt" count="0"/>
        <line num="131" type="method" name="getAll" visibility="public" complexity="2" crap="6" count="0"/>
        <line num="137" type="stmt" count="0"/>
        <line num="146" type="method" name="insertOne" visibility="public" complexity="2" crap="6" count="0"/>
        <line num="151" type="stmt" count="0"/>
        <line num="161" type="method" name="insertMany" visibility="public" complexity="2" crap="6" count="0"/>
        <line num="166" type="stmt" count="0"/>
        <line num="177" type="method" name="updateOneById" visibility="public" complexity="2" crap="6" count="0"/>
        <line num="183" type="stmt" count="0"/>
        <line num="194" type="method" name="updateManyByIds" visibility="public" complexity="2" crap="6" count="0"/>
        <line num="200" type="stmt" count="0"/>
        <line num="211" type="method" name="updateManyByCustom" visibility="public" complexity="2" crap="6" count="0"/>
        <line num="217" type="stmt" count="0"/>
        <line num="225" type="method" name="deleteOneById" visibility="public" complexity="1" crap="2" count="0"/>
        <line num="228" type="stmt" count="0"/>
        <line num="236" type="method" name="deleteManyByIds" visibility="public" complexity="2" crap="6" count="0"/>
        <line num="239" type="stmt" count="0"/>
        <line num="247" type="method" name="deleteManyByCustom" visibility="public" complexity="2" crap="6" count="0"/>
        <line num="250" type="stmt" count="0"/>
        <metrics loc="251" ncloc="128" classes="1" methods="13" coveredmethods="0" conditionals="0" coveredconditionals="0" statements="42" coveredstatements="0" elements="55" coveredelements="0"/>
      </file>
      <file name="/var/www/html/averoes/averoes_users/Models/UserPropertyModel.php">
        <class name="Models\UserPropertyModel" namespace="Models" fullPackage="Models" package="Models">
          <metrics complexity="26" methods="13" coveredmethods="0" conditionals="0" coveredconditionals="0" statements="42" coveredstatements="0" elements="55" coveredelements="0"/>
        </class>
        <line num="24" type="method" name="__construct" visibility="public" complexity="1" crap="2" count="0"/>
        <line num="26" type="stmt" count="0"/>
        <line num="27" type="stmt" count="0"/>
        <line num="36" type="method" name="getOneById" visibility="public" complexity="3" crap="12" count="0"/>
        <line num="40" type="stmt" count="0"/>
        <line num="42" type="stmt" count="0"/>
        <line num="43" type="stmt" count="0"/>
        <line num="44" type="stmt" count="0"/>
        <line num="45" type="stmt" count="0"/>
        <line num="47" type="stmt" count="0"/>
        <line num="48" type="stmt" count="0"/>
        <line num="50" type="stmt" count="0"/>
        <line num="51" type="stmt" count="0"/>
        <line num="52" type="stmt" count="0"/>
        <line num="53" type="stmt" count="0"/>
        <line num="55" type="stmt" count="0"/>
        <line num="57" type="stmt" count="0"/>
        <line num="59" type="stmt" count="0"/>
        <line num="72" type="method" name="getManyByIds" visibility="public" complexity="3" crap="12" count="0"/>
        <line num="78" type="stmt" count="0"/>
        <line num="79" type="stmt" count="0"/>
        <line num="81" type="stmt" count="0"/>
        <line num="82" type="stmt" count="0"/>
        <line num="83" type="stmt" count="0"/>
        <line num="84" type="stmt" count="0"/>
        <line num="85" type="stmt" count="0"/>
        <line num="87" type="stmt" count="0"/>
        <line num="88" type="stmt" count="0"/>
        <line num="90" type="stmt" count="0"/>
        <line num="91" type="stmt" count="0"/>
        <line num="92" type="stmt" count="0"/>
        <line num="93" type="stmt" count="0"/>
        <line num="95" type="stmt" count="0"/>
        <line num="97" type="stmt" count="0"/>
        <line num="99" type="stmt" count="0"/>
        <line num="112" type="method" name="getCustom" visibility="public" complexity="2" crap="6" count="0"/>
        <line num="119" type="stmt" count="0"/>
        <line num="130" type="method" name="getAll" visibility="public" complexity="2" crap="6" count="0"/>
        <line num="136" type="stmt" count="0"/>
        <line num="145" type="method" name="insertOne" visibility="public" complexity="2" crap="6" count="0"/>
        <line num="150" type="stmt" count="0"/>
        <line num="160" type="method" name="insertMany" visibility="public" complexity="2" crap="6" count="0"/>
        <line num="165" type="stmt" count="0"/>
        <line num="176" type="method" name="updateOneById" visibility="public" complexity="2" crap="6" count="0"/>
        <line num="182" type="stmt" count="0"/>
        <line num="193" type="method" name="updateManyByIds" visibility="public" complexity="2" crap="6" count="0"/>
        <line num="199" type="stmt" count="0"/>
        <line num="210" type="method" name="updateManyByCustom" visibility="public" complexity="2" crap="6" count="0"/>
        <line num="216" type="stmt" count="0"/>
        <line num="224" type="method" name="deleteOneById" visibility="public" complexity="1" crap="2" count="0"/>
        <line num="227" type="stmt" count="0"/>
        <line num="235" type="method" name="deleteManyByIds" visibility="public" complexity="2" crap="6" count="0"/>
        <line num="238" type="stmt" count="0"/>
        <line num="246" type="method" name="deleteManyByCustom" visibility="public" complexity="2" crap="6" count="0"/>
        <line num="249" type="stmt" count="0"/>
        <metrics loc="250" ncloc="128" classes="1" methods="13" coveredmethods="0" conditionals="0" coveredconditionals="0" statements="42" coveredstatements="0" elements="55" coveredelements="0"/>
      </file>
      <file name="/var/www/html/averoes/averoes_users/Models/UserPropertyValueModel.php">
        <class name="Models\UserPropertyValueModel" namespace="Models" fullPackage="Models" package="Models">
          <metrics complexity="26" methods="13" coveredmethods="0" conditionals="0" coveredconditionals="0" statements="42" coveredstatements="0" elements="55" coveredelements="0"/>
        </class>
        <line num="24" type="method" name="__construct" visibility="public" complexity="1" crap="2" count="0"/>
        <line num="26" type="stmt" count="0"/>
        <line num="27" type="stmt" count="0"/>
        <line num="36" type="method" name="getOneById" visibility="public" complexity="3" crap="12" count="0"/>
        <line num="40" type="stmt" count="0"/>
        <line num="42" type="stmt" count="0"/>
        <line num="43" type="stmt" count="0"/>
        <line num="44" type="stmt" count="0"/>
        <line num="45" type="stmt" count="0"/>
        <line num="47" type="stmt" count="0"/>
        <line num="48" type="stmt" count="0"/>
        <line num="50" type="stmt" count="0"/>
        <line num="51" type="stmt" count="0"/>
        <line num="52" type="stmt" count="0"/>
        <line num="53" type="stmt" count="0"/>
        <line num="55" type="stmt" count="0"/>
        <line num="57" type="stmt" count="0"/>
        <line num="59" type="stmt" count="0"/>
        <line num="72" type="method" name="getManyByIds" visibility="public" complexity="3" crap="12" count="0"/>
        <line num="78" type="stmt" count="0"/>
        <line num="79" type="stmt" count="0"/>
        <line num="81" type="stmt" count="0"/>
        <line num="82" type="stmt" count="0"/>
        <line num="83" type="stmt" count="0"/>
        <line num="84" type="stmt" count="0"/>
        <line num="85" type="stmt" count="0"/>
        <line num="87" type="stmt" count="0"/>
        <line num="88" type="stmt" count="0"/>
        <line num="90" type="stmt" count="0"/>
        <line num="91" type="stmt" count="0"/>
        <line num="92" type="stmt" count="0"/>
        <line num="93" type="stmt" count="0"/>
        <line num="95" type="stmt" count="0"/>
        <line num="97" type="stmt" count="0"/>
        <line num="99" type="stmt" count="0"/>
        <line num="112" type="method" name="getCustom" visibility="public" complexity="2" crap="6" count="0"/>
        <line num="119" type="stmt" count="0"/>
        <line num="130" type="method" name="getAll" visibility="public" complexity="2" crap="6" count="0"/>
        <line num="136" type="stmt" count="0"/>
        <line num="145" type="method" name="insertOne" visibility="public" complexity="2" crap="6" count="0"/>
        <line num="150" type="stmt" count="0"/>
        <line num="160" type="method" name="insertMany" visibility="public" complexity="2" crap="6" count="0"/>
        <line num="165" type="stmt" count="0"/>
        <line num="176" type="method" name="updateOneById" visibility="public" complexity="2" crap="6" count="0"/>
        <line num="182" type="stmt" count="0"/>
        <line num="193" type="method" name="updateManyByIds" visibility="public" complexity="2" crap="6" count="0"/>
        <line num="199" type="stmt" count="0"/>
        <line num="210" type="method" name="updateManyByCustom" visibility="public" complexity="2" crap="6" count="0"/>
        <line num="216" type="stmt" count="0"/>
        <line num="224" type="method" name="deleteOneById" visibility="public" complexity="1" crap="2" count="0"/>
        <line num="227" type="stmt" count="0"/>
        <line num="235" type="method" name="deleteManyByIds" visibility="public" complexity="2" crap="6" count="0"/>
        <line num="238" type="stmt" count="0"/>
        <line num="246" type="method" name="deleteManyByCustom" visibility="public" complexity="2" crap="6" count="0"/>
        <line num="249" type="stmt" count="0"/>
        <metrics loc="250" ncloc="128" classes="1" methods="13" coveredmethods="0" conditionals="0" coveredconditionals="0" statements="42" coveredstatements="0" elements="55" coveredelements="0"/>
      </file>
    </package>
    <metrics files="26" loc="3839" ncloc="2404" classes="21" methods="181" coveredmethods="97" conditionals="0" coveredconditionals="0" statements="510" coveredstatements="230" elements="691" coveredelements="327"/>
  </project>
</coverage>
