<?xml version="1.0" encoding="UTF-8"?>
<coverage generated="1590366157">
  <project timestamp="1590366157">
    <package name="App\Objects">
      <file name="./App/Objects/User.php">
        <class name="App\Objects\User" namespace="App\Objects" fullPackage="App" package="App">
          <metrics complexity="0" methods="0" coveredmethods="0" conditionals="0" coveredconditionals="0" statements="0" coveredstatements="0" elements="0" coveredelements="0"/>
        </class>
        <metrics loc="32" ncloc="28" classes="0" methods="0" coveredmethods="0" conditionals="0" coveredconditionals="0" statements="0" coveredstatements="0" elements="0" coveredelements="0"/>
      </file>
    </package>
    <package name="App">
      <file name="./App/UserController.php">
        <class name="App\UserController" namespace="App" fullPackage="App" package="App">
          <metrics complexity="0" methods="0" coveredmethods="0" conditionals="0" coveredconditionals="0" statements="0" coveredstatements="0" elements="0" coveredelements="0"/>
        </class>
        <metrics loc="14" ncloc="10" classes="0" methods="0" coveredmethods="0" conditionals="0" coveredconditionals="0" statements="0" coveredstatements="0" elements="0" coveredelements="0"/>
      </file>
    </package>
    <package name="Config\Exceptions">
      <file name="./Config/Exceptions/ConfigException.php">
        <class name="Config\Exceptions\ConfigException" namespace="Config\Exceptions" fullPackage="Config" package="Config">
          <metrics complexity="1" methods="0" coveredmethods="0" conditionals="0" coveredconditionals="0" statements="0" coveredstatements="0" elements="0" coveredelements="0"/>
        </class>
        <metrics loc="32" ncloc="19" classes="0" methods="0" coveredmethods="0" conditionals="0" coveredconditionals="0" statements="0" coveredstatements="0" elements="0" coveredelements="0"/>
      </file>
      <file name="./Config/Exceptions/InvalidArgument.php">
        <class name="Config\Exceptions\InvalidArgument" namespace="Config\Exceptions" fullPackage="Config" package="Config">
          <metrics complexity="1" methods="1" coveredmethods="1" conditionals="0" coveredconditionals="0" statements="3" coveredstatements="3" elements="4" coveredelements="4"/>
        </class>
        <line num="26" type="method" name="__construct" visibility="public" complexity="1" crap="1" count="15"/>
        <line num="28" type="stmt" count="15"/>
        <line num="29" type="stmt" count="15"/>
        <line num="30" type="stmt" count="15"/>
        <metrics loc="31" ncloc="19" classes="1" methods="1" coveredmethods="1" conditionals="0" coveredconditionals="0" statements="3" coveredstatements="3" elements="4" coveredelements="4"/>
      </file>
    </package>
    <package name="Config">
      <file name="./Config/PDOConfigEntity.php">
        <class name="Config\PDOConfigEntity" namespace="Config" fullPackage="Config" package="Config">
          <metrics complexity="32" methods="15" coveredmethods="15" conditionals="0" coveredconditionals="0" statements="47" coveredstatements="47" elements="62" coveredelements="62"/>
        </class>
        <line num="145" type="method" name="loadDatabaseConfig" visibility="public" complexity="2" crap="2" count="8"/>
        <line num="147" type="stmt" count="8"/>
        <line num="148" type="stmt" count="7"/>
        <line num="149" type="stmt" count="7"/>
        <line num="152" type="stmt" count="2"/>
        <line num="153" type="stmt" count="2"/>
        <line num="154" type="stmt" count="1"/>
        <line num="155" type="stmt" count="1"/>
        <line num="156" type="stmt" count="1"/>
        <line num="158" type="stmt" count="1"/>
        <line num="162" type="method" name="getDriver" visibility="public" complexity="2" crap="2" count="1"/>
        <line num="164" type="stmt" count="1"/>
        <line num="172" type="method" name="setDriver" visibility="public" complexity="2" crap="2" count="10"/>
        <line num="174" type="stmt" count="10"/>
        <line num="175" type="stmt" count="7"/>
        <line num="176" type="stmt" count="7"/>
        <line num="178" type="stmt" count="3"/>
        <line num="183" type="method" name="getHost" visibility="public" complexity="2" crap="2" count="1"/>
        <line num="185" type="stmt" count="1"/>
        <line num="193" type="method" name="setHost" visibility="public" complexity="2" crap="2" count="9"/>
        <line num="195" type="stmt" count="9"/>
        <line num="196" type="stmt" count="9"/>
        <line num="197" type="stmt" count="6"/>
        <line num="198" type="stmt" count="6"/>
        <line num="200" type="stmt" count="3"/>
        <line num="205" type="method" name="getDatabase" visibility="public" complexity="2" crap="2" count="1"/>
        <line num="207" type="stmt" count="1"/>
        <line num="215" type="method" name="setDatabase" visibility="public" complexity="2" crap="2" count="7"/>
        <line num="217" type="stmt" count="7"/>
        <line num="218" type="stmt" count="5"/>
        <line num="219" type="stmt" count="5"/>
        <line num="221" type="stmt" count="2"/>
        <line num="226" type="method" name="getCharset" visibility="public" complexity="2" crap="2" count="1"/>
        <line num="228" type="stmt" count="1"/>
        <line num="236" type="method" name="setCharset" visibility="public" complexity="2" crap="2" count="7"/>
        <line num="238" type="stmt" count="7"/>
        <line num="239" type="stmt" count="7"/>
        <line num="240" type="stmt" count="4"/>
        <line num="241" type="stmt" count="4"/>
        <line num="243" type="stmt" count="3"/>
        <line num="248" type="method" name="getUsername" visibility="public" complexity="2" crap="2" count="1"/>
        <line num="250" type="stmt" count="1"/>
        <line num="258" type="method" name="setUsername" visibility="public" complexity="2" crap="2" count="5"/>
        <line num="260" type="stmt" count="5"/>
        <line num="261" type="stmt" count="3"/>
        <line num="262" type="stmt" count="3"/>
        <line num="264" type="stmt" count="2"/>
        <line num="269" type="method" name="getPassword" visibility="public" complexity="2" crap="2" count="1"/>
        <line num="271" type="stmt" count="1"/>
        <line num="279" type="method" name="setPassword" visibility="public" complexity="2" crap="2" count="4"/>
        <line num="281" type="stmt" count="4"/>
        <line num="282" type="stmt" count="2"/>
        <line num="283" type="stmt" count="2"/>
        <line num="285" type="stmt" count="2"/>
        <line num="293" type="method" name="getDns" visibility="public" complexity="2" crap="2" count="1"/>
        <line num="295" type="stmt" count="1"/>
        <line num="305" type="method" name="setDns" visibility="public" complexity="1" crap="1" count="1"/>
        <line num="311" type="stmt" count="1"/>
        <line num="312" type="stmt" count="1"/>
        <line num="313" type="stmt" count="1"/>
        <line num="314" type="stmt" count="1"/>
        <line num="315" type="stmt" count="1"/>
        <metrics loc="316" ncloc="235" classes="1" methods="15" coveredmethods="15" conditionals="0" coveredconditionals="0" statements="47" coveredstatements="47" elements="62" coveredelements="62"/>
      </file>
    </package>
    <file name="./Config/Yamls/dev_config.yml">
      <line num="1" type="stmt" count="0"/>
      <line num="3" type="stmt" count="0"/>
      <line num="4" type="stmt" count="0"/>
      <line num="5" type="stmt" count="0"/>
      <line num="6" type="stmt" count="0"/>
      <line num="7" type="stmt" count="0"/>
      <line num="8" type="stmt" count="0"/>
      <line num="9" type="stmt" count="0"/>
      <metrics loc="9" ncloc="9" classes="0" methods="0" coveredmethods="0" conditionals="0" coveredconditionals="0" statements="8" coveredstatements="0" elements="8" coveredelements="0"/>
    </file>
    <package name="Entities\Abstractions">
      <file name="./Entities/Abstractions/EntityAbstraction.php">
        <class name="Entities\Abstractions\EntityAbstraction" namespace="Entities\Abstractions" fullPackage="Entities" package="Entities">
          <metrics complexity="24" methods="0" coveredmethods="0" conditionals="0" coveredconditionals="0" statements="0" coveredstatements="0" elements="0" coveredelements="0"/>
        </class>
        <metrics loc="140" ncloc="105" classes="0" methods="0" coveredmethods="0" conditionals="0" coveredconditionals="0" statements="0" coveredstatements="0" elements="0" coveredelements="0"/>
      </file>
    </package>
    <package name="Entities\Exceptions">
      <file name="./Entities/Exceptions/EntityException.php">
        <class name="Entities\Exceptions\EntityException" namespace="Entities\Exceptions" fullPackage="Entities" package="Entities">
          <metrics complexity="1" methods="0" coveredmethods="0" conditionals="0" coveredconditionals="0" statements="0" coveredstatements="0" elements="0" coveredelements="0"/>
        </class>
        <metrics loc="32" ncloc="19" classes="0" methods="0" coveredmethods="0" conditionals="0" coveredconditionals="0" statements="0" coveredstatements="0" elements="0" coveredelements="0"/>
      </file>
      <file name="./Entities/Exceptions/InvalidArgument.php">
        <class name="Entities\Exceptions\InvalidArgument" namespace="Entities\Exceptions" fullPackage="Entities" package="Entities">
          <metrics complexity="1" methods="1" coveredmethods="1" conditionals="0" coveredconditionals="0" statements="3" coveredstatements="3" elements="4" coveredelements="4"/>
        </class>
        <line num="26" type="method" name="__construct" visibility="public" complexity="1" crap="1" count="25"/>
        <line num="28" type="stmt" count="25"/>
        <line num="29" type="stmt" count="25"/>
        <line num="30" type="stmt" count="25"/>
        <metrics loc="31" ncloc="19" classes="1" methods="1" coveredmethods="1" conditionals="0" coveredconditionals="0" statements="3" coveredstatements="3" elements="4" coveredelements="4"/>
      </file>
      <file name="./Entities/Exceptions/UndefinedProperty.php">
        <class name="Entities\Exceptions\UndefinedProperty" namespace="Entities\Exceptions" fullPackage="Entities" package="Entities">
          <metrics complexity="1" methods="0" coveredmethods="0" conditionals="0" coveredconditionals="0" statements="0" coveredstatements="0" elements="0" coveredelements="0"/>
        </class>
        <metrics loc="42" ncloc="26" classes="0" methods="0" coveredmethods="0" conditionals="0" coveredconditionals="0" statements="0" coveredstatements="0" elements="0" coveredelements="0"/>
      </file>
    </package>
    <package name="Entities\Helpers">
      <file name="./Entities/Helpers/EntityHelper.php">
        <class name="Entities\Helpers\EntityHelper" namespace="Entities\Helpers" fullPackage="Entities" package="Entities">
          <metrics complexity="2" methods="0" coveredmethods="0" conditionals="0" coveredconditionals="0" statements="0" coveredstatements="0" elements="0" coveredelements="0"/>
        </class>
        <metrics loc="27" ncloc="17" classes="0" methods="0" coveredmethods="0" conditionals="0" coveredconditionals="0" statements="0" coveredstatements="0" elements="0" coveredelements="0"/>
      </file>
    </package>
    <file name="./Entities/Interfaces/EntityInterface.php">
      <metrics loc="25" ncloc="12" classes="0" methods="0" coveredmethods="0" conditionals="0" coveredconditionals="0" statements="0" coveredstatements="0" elements="0" coveredelements="0"/>
    </file>
    <package name="Entities">
      <file name="./Entities/User.php">
        <class name="Entities\User" namespace="Entities" fullPackage="App" package="App">
          <metrics complexity="25" methods="16" coveredmethods="16" conditionals="0" coveredconditionals="0" statements="34" coveredstatements="34" elements="50" coveredelements="50"/>
        </class>
        <line num="55" type="method" name="getUserId" visibility="public" complexity="1" crap="1" count="1"/>
        <line num="57" type="stmt" count="1"/>
        <line num="65" type="method" name="setUserId" visibility="public" complexity="2" crap="2" count="2"/>
        <line num="67" type="stmt" count="2"/>
        <line num="68" type="stmt" count="1"/>
        <line num="69" type="stmt" count="1"/>
        <line num="71" type="stmt" count="1"/>
        <line num="76" type="method" name="getUserGroupId" visibility="public" complexity="2" crap="2" count="2"/>
        <line num="78" type="stmt" count="2"/>
        <line num="86" type="method" name="setUserGroupId" visibility="public" complexity="3" crap="3" count="3"/>
        <line num="88" type="stmt" count="3"/>
        <line num="89" type="stmt" count="2"/>
        <line num="90" type="stmt" count="2"/>
        <line num="92" type="stmt" count="1"/>
        <line num="97" type="method" name="getUserName" visibility="public" complexity="1" crap="1" count="1"/>
        <line num="99" type="stmt" count="1"/>
        <line num="107" type="method" name="setUserName" visibility="public" complexity="2" crap="2" count="2"/>
        <line num="109" type="stmt" count="2"/>
        <line num="110" type="stmt" count="1"/>
        <line num="111" type="stmt" count="1"/>
        <line num="113" type="stmt" count="1"/>
        <line num="118" type="method" name="getUserFirstname" visibility="public" complexity="1" crap="1" count="1"/>
        <line num="120" type="stmt" count="1"/>
        <line num="128" type="method" name="setUserFirstname" visibility="public" complexity="2" crap="2" count="2"/>
        <line num="130" type="stmt" count="2"/>
        <line num="131" type="stmt" count="1"/>
        <line num="132" type="stmt" count="1"/>
        <line num="134" type="stmt" count="1"/>
        <line num="139" type="method" name="getUserLastname" visibility="public" complexity="1" crap="1" count="1"/>
        <line num="141" type="stmt" count="1"/>
        <line num="149" type="method" name="setUserLastname" visibility="public" complexity="2" crap="2" count="2"/>
        <line num="151" type="stmt" count="2"/>
        <line num="152" type="stmt" count="1"/>
        <line num="153" type="stmt" count="1"/>
        <line num="155" type="stmt" count="1"/>
        <line num="160" type="method" name="isUserEnabled" visibility="public" complexity="1" crap="1" count="1"/>
        <line num="162" type="stmt" count="1"/>
        <line num="170" type="method" name="setUserEnabled" visibility="public" complexity="1" crap="1" count="1"/>
        <line num="172" type="stmt" count="1"/>
        <line num="173" type="stmt" count="1"/>
        <line num="176" type="method" name="getCreationDate" visibility="public" complexity="1" crap="1" count="1"/>
        <line num="178" type="stmt" count="1"/>
        <line num="186" type="method" name="setCreationDate" visibility="public" complexity="1" crap="1" count="1"/>
        <line num="188" type="stmt" count="1"/>
        <line num="189" type="stmt" count="1"/>
        <line num="192" type="method" name="getUpdateDate" visibility="public" complexity="2" crap="2" count="2"/>
        <line num="194" type="stmt" count="2"/>
        <line num="202" type="method" name="setUpdateDate" visibility="public" complexity="2" crap="2" count="2"/>
        <line num="204" type="stmt" count="2"/>
        <line num="205" type="stmt" count="2"/>
        <metrics loc="206" ncloc="146" classes="1" methods="16" coveredmethods="16" conditionals="0" coveredconditionals="0" statements="34" coveredstatements="34" elements="50" coveredelements="50"/>
      </file>
      <file name="./Entities/UserEmail.php">
        <class name="Entities\UserEmail" namespace="Entities" fullPackage="App" package="App">
          <metrics complexity="23" methods="16" coveredmethods="16" conditionals="0" coveredconditionals="0" statements="39" coveredstatements="39" elements="55" coveredelements="55"/>
        </class>
        <line num="56" type="method" name="getUserEmailId" visibility="public" complexity="1" crap="1" count="1"/>
        <line num="58" type="stmt" count="1"/>
        <line num="66" type="method" name="setUserEmailId" visibility="public" complexity="2" crap="2" count="2"/>
        <line num="68" type="stmt" count="2"/>
        <line num="69" type="stmt" count="1"/>
        <line num="70" type="stmt" count="1"/>
        <line num="72" type="stmt" count="1"/>
        <line num="77" type="method" name="getUserId" visibility="public" complexity="1" crap="1" count="1"/>
        <line num="79" type="stmt" count="1"/>
        <line num="87" type="method" name="setUserId" visibility="public" complexity="2" crap="2" count="2"/>
        <line num="89" type="stmt" count="2"/>
        <line num="90" type="stmt" count="1"/>
        <line num="91" type="stmt" count="1"/>
        <line num="93" type="stmt" count="1"/>
        <line num="98" type="method" name="getUserEmail" visibility="public" complexity="1" crap="1" count="1"/>
        <line num="100" type="stmt" count="1"/>
        <line num="108" type="method" name="setUserEmail" visibility="public" complexity="2" crap="2" count="3"/>
        <line num="110" type="stmt" count="3"/>
        <line num="111" type="stmt" count="3"/>
        <line num="112" type="stmt" count="1"/>
        <line num="113" type="stmt" count="1"/>
        <line num="115" type="stmt" count="1"/>
        <line num="116" type="stmt" count="1"/>
        <line num="117" type="stmt" count="1"/>
        <line num="119" type="stmt" count="2"/>
        <line num="124" type="method" name="getLocalPart" visibility="public" complexity="1" crap="1" count="1"/>
        <line num="126" type="stmt" count="1"/>
        <line num="134" type="method" name="setLocalPart" visibility="public" complexity="2" crap="2" count="4"/>
        <line num="136" type="stmt" count="4"/>
        <line num="137" type="stmt" count="2"/>
        <line num="138" type="stmt" count="2"/>
        <line num="140" type="stmt" count="2"/>
        <line num="145" type="method" name="getDomainName" visibility="public" complexity="1" crap="1" count="1"/>
        <line num="147" type="stmt" count="1"/>
        <line num="155" type="method" name="setDomainName" visibility="public" complexity="2" crap="2" count="4"/>
        <line num="157" type="stmt" count="4"/>
        <line num="158" type="stmt" count="4"/>
        <line num="159" type="stmt" count="3"/>
        <line num="160" type="stmt" count="3"/>
        <line num="162" type="stmt" count="1"/>
        <line num="167" type="method" name="isEmailEnabled" visibility="public" complexity="1" crap="1" count="1"/>
        <line num="169" type="stmt" count="1"/>
        <line num="177" type="method" name="setEmailEnabled" visibility="public" complexity="1" crap="1" count="1"/>
        <line num="179" type="stmt" count="1"/>
        <line num="180" type="stmt" count="1"/>
        <line num="183" type="method" name="getCreationDate" visibility="public" complexity="1" crap="1" count="1"/>
        <line num="185" type="stmt" count="1"/>
        <line num="193" type="method" name="setCreationDate" visibility="public" complexity="1" crap="1" count="1"/>
        <line num="195" type="stmt" count="1"/>
        <line num="196" type="stmt" count="1"/>
        <line num="199" type="method" name="getUpdateDate" visibility="public" complexity="2" crap="2" count="2"/>
        <line num="201" type="stmt" count="2"/>
        <line num="209" type="method" name="setUpdateDate" visibility="public" complexity="2" crap="2" count="2"/>
        <line num="211" type="stmt" count="2"/>
        <line num="212" type="stmt" count="2"/>
        <metrics loc="213" ncloc="153" classes="1" methods="16" coveredmethods="16" conditionals="0" coveredconditionals="0" statements="39" coveredstatements="39" elements="55" coveredelements="55"/>
      </file>
      <file name="./Entities/UserGroup.php">
        <class name="Entities\UserGroup" namespace="Entities" fullPackage="App" package="App">
          <metrics complexity="14" methods="10" coveredmethods="10" conditionals="0" coveredconditionals="0" statements="19" coveredstatements="19" elements="29" coveredelements="29"/>
        </class>
        <line num="43" type="method" name="getUserGroupId" visibility="public" complexity="1" crap="1" count="1"/>
        <line num="45" type="stmt" count="1"/>
        <line num="53" type="method" name="setUserGroupId" visibility="public" complexity="2" crap="2" count="2"/>
        <line num="55" type="stmt" count="2"/>
        <line num="56" type="stmt" count="1"/>
        <line num="57" type="stmt" count="1"/>
        <line num="59" type="stmt" count="1"/>
        <line num="64" type="method" name="getGroupName" visibility="public" complexity="1" crap="1" count="1"/>
        <line num="66" type="stmt" count="1"/>
        <line num="74" type="method" name="setGroupName" visibility="public" complexity="2" crap="2" count="2"/>
        <line num="76" type="stmt" count="2"/>
        <line num="77" type="stmt" count="1"/>
        <line num="78" type="stmt" count="1"/>
        <line num="80" type="stmt" count="1"/>
        <line num="85" type="method" name="isGroupEnabled" visibility="public" complexity="1" crap="1" count="1"/>
        <line num="87" type="stmt" count="1"/>
        <line num="95" type="method" name="setGroupEnabled" visibility="public" complexity="1" crap="1" count="1"/>
        <line num="97" type="stmt" count="1"/>
        <line num="98" type="stmt" count="1"/>
        <line num="101" type="method" name="getCreationDate" visibility="public" complexity="1" crap="1" count="1"/>
        <line num="103" type="stmt" count="1"/>
        <line num="111" type="method" name="setCreationDate" visibility="public" complexity="1" crap="1" count="1"/>
        <line num="113" type="stmt" count="1"/>
        <line num="114" type="stmt" count="1"/>
        <line num="117" type="method" name="getUpdateDate" visibility="public" complexity="2" crap="2" count="2"/>
        <line num="119" type="stmt" count="2"/>
        <line num="127" type="method" name="setUpdateDate" visibility="public" complexity="2" crap="2" count="2"/>
        <line num="129" type="stmt" count="2"/>
        <line num="130" type="stmt" count="2"/>
        <metrics loc="131" ncloc="92" classes="1" methods="10" coveredmethods="10" conditionals="0" coveredconditionals="0" statements="19" coveredstatements="19" elements="29" coveredelements="29"/>
      </file>
      <file name="./Entities/UserPassword.php">
        <class name="Entities\UserPassword" namespace="Entities" fullPackage="App" package="App">
          <metrics complexity="17" methods="12" coveredmethods="12" conditionals="0" coveredconditionals="0" statements="24" coveredstatements="24" elements="36" coveredelements="36"/>
        </class>
        <line num="47" type="method" name="getUserPasswordId" visibility="public" complexity="1" crap="1" count="1"/>
        <line num="49" type="stmt" count="1"/>
        <line num="57" type="method" name="setUserPasswordId" visibility="public" complexity="2" crap="2" count="2"/>
        <line num="59" type="stmt" count="2"/>
        <line num="60" type="stmt" count="1"/>
        <line num="61" type="stmt" count="1"/>
        <line num="63" type="stmt" count="1"/>
        <line num="68" type="method" name="getUserId" visibility="public" complexity="1" crap="1" count="1"/>
        <line num="70" type="stmt" count="1"/>
        <line num="78" type="method" name="setUserId" visibility="public" complexity="2" crap="2" count="2"/>
        <line num="80" type="stmt" count="2"/>
        <line num="81" type="stmt" count="1"/>
        <line num="82" type="stmt" count="1"/>
        <line num="84" type="stmt" count="1"/>
        <line num="89" type="method" name="getUserPassword" visibility="public" complexity="1" crap="1" count="1"/>
        <line num="91" type="stmt" count="1"/>
        <line num="99" type="method" name="setUserPassword" visibility="public" complexity="2" crap="2" count="2"/>
        <line num="101" type="stmt" count="2"/>
        <line num="102" type="stmt" count="1"/>
        <line num="103" type="stmt" count="1"/>
        <line num="105" type="stmt" count="1"/>
        <line num="110" type="method" name="isPasswordEnabled" visibility="public" complexity="1" crap="1" count="1"/>
        <line num="112" type="stmt" count="1"/>
        <line num="120" type="method" name="setPasswordEnabled" visibility="public" complexity="1" crap="1" count="1"/>
        <line num="122" type="stmt" count="1"/>
        <line num="123" type="stmt" count="1"/>
        <line num="126" type="method" name="getCreationDate" visibility="public" complexity="1" crap="1" count="1"/>
        <line num="128" type="stmt" count="1"/>
        <line num="136" type="method" name="setCreationDate" visibility="public" complexity="1" crap="1" count="1"/>
        <line num="138" type="stmt" count="1"/>
        <line num="139" type="stmt" count="1"/>
        <line num="142" type="method" name="getUpdateDate" visibility="public" complexity="2" crap="2" count="2"/>
        <line num="144" type="stmt" count="2"/>
        <line num="152" type="method" name="setUpdateDate" visibility="public" complexity="2" crap="2" count="2"/>
        <line num="154" type="stmt" count="2"/>
        <line num="155" type="stmt" count="2"/>
        <metrics loc="156" ncloc="110" classes="1" methods="12" coveredmethods="12" conditionals="0" coveredconditionals="0" statements="24" coveredstatements="24" elements="36" coveredelements="36"/>
      </file>
      <file name="./Entities/UserProperty.php">
        <class name="Entities\UserProperty" namespace="Entities" fullPackage="App" package="App">
          <metrics complexity="22" methods="14" coveredmethods="14" conditionals="0" coveredconditionals="0" statements="29" coveredstatements="29" elements="43" coveredelements="43"/>
        </class>
        <line num="51" type="method" name="getUserPropertyId" visibility="public" complexity="1" crap="1" count="1"/>
        <line num="53" type="stmt" count="1"/>
        <line num="61" type="method" name="setUserPropertyId" visibility="public" complexity="2" crap="2" count="2"/>
        <line num="63" type="stmt" count="2"/>
        <line num="64" type="stmt" count="1"/>
        <line num="65" type="stmt" count="1"/>
        <line num="67" type="stmt" count="1"/>
        <line num="72" type="method" name="getUserGroupId" visibility="public" complexity="2" crap="2" count="2"/>
        <line num="74" type="stmt" count="2"/>
        <line num="82" type="method" name="setUserGroupId" visibility="public" complexity="3" crap="3" count="3"/>
        <line num="84" type="stmt" count="3"/>
        <line num="85" type="stmt" count="2"/>
        <line num="86" type="stmt" count="2"/>
        <line num="88" type="stmt" count="1"/>
        <line num="93" type="method" name="getPropertyName" visibility="public" complexity="1" crap="1" count="1"/>
        <line num="95" type="stmt" count="1"/>
        <line num="103" type="method" name="setPropertyName" visibility="public" complexity="2" crap="2" count="2"/>
        <line num="105" type="stmt" count="2"/>
        <line num="106" type="stmt" count="1"/>
        <line num="107" type="stmt" count="1"/>
        <line num="109" type="stmt" count="1"/>
        <line num="114" type="method" name="getPropertyType" visibility="public" complexity="1" crap="1" count="1"/>
        <line num="116" type="stmt" count="1"/>
        <line num="124" type="method" name="setPropertyType" visibility="public" complexity="2" crap="2" count="2"/>
        <line num="126" type="stmt" count="2"/>
        <line num="127" type="stmt" count="1"/>
        <line num="128" type="stmt" count="1"/>
        <line num="130" type="stmt" count="1"/>
        <line num="135" type="method" name="isPropertyEnabled" visibility="public" complexity="1" crap="1" count="1"/>
        <line num="137" type="stmt" count="1"/>
        <line num="145" type="method" name="setPropertyEnabled" visibility="public" complexity="1" crap="1" count="1"/>
        <line num="147" type="stmt" count="1"/>
        <line num="148" type="stmt" count="1"/>
        <line num="151" type="method" name="getCreationDate" visibility="public" complexity="1" crap="1" count="1"/>
        <line num="153" type="stmt" count="1"/>
        <line num="161" type="method" name="setCreationDate" visibility="public" complexity="1" crap="1" count="1"/>
        <line num="163" type="stmt" count="1"/>
        <line num="164" type="stmt" count="1"/>
        <line num="167" type="method" name="getUpdateDate" visibility="public" complexity="2" crap="2" count="2"/>
        <line num="169" type="stmt" count="2"/>
        <line num="177" type="method" name="setUpdateDate" visibility="public" complexity="2" crap="2" count="2"/>
        <line num="179" type="stmt" count="2"/>
        <line num="180" type="stmt" count="2"/>
        <metrics loc="181" ncloc="128" classes="1" methods="14" coveredmethods="14" conditionals="0" coveredconditionals="0" statements="29" coveredstatements="29" elements="43" coveredelements="43"/>
      </file>
      <file name="./Entities/UserPropertyValue.php">
        <class name="Entities\UserPropertyValue" namespace="Entities" fullPackage="App" package="App">
          <metrics complexity="23" methods="12" coveredmethods="12" conditionals="0" coveredconditionals="0" statements="32" coveredstatements="32" elements="44" coveredelements="44"/>
        </class>
        <line num="48" type="method" name="getUserPropertyValueId" visibility="public" complexity="1" crap="1" count="1"/>
        <line num="50" type="stmt" count="1"/>
        <line num="58" type="method" name="setUserPropertyValueId" visibility="public" complexity="2" crap="2" count="2"/>
        <line num="60" type="stmt" count="2"/>
        <line num="61" type="stmt" count="1"/>
        <line num="62" type="stmt" count="1"/>
        <line num="64" type="stmt" count="1"/>
        <line num="69" type="method" name="getUserId" visibility="public" complexity="1" crap="1" count="1"/>
        <line num="71" type="stmt" count="1"/>
        <line num="79" type="method" name="setUserId" visibility="public" complexity="2" crap="2" count="2"/>
        <line num="81" type="stmt" count="2"/>
        <line num="82" type="stmt" count="1"/>
        <line num="83" type="stmt" count="1"/>
        <line num="85" type="stmt" count="1"/>
        <line num="90" type="method" name="getUserPropertyId" visibility="public" complexity="1" crap="1" count="1"/>
        <line num="92" type="stmt" count="1"/>
        <line num="100" type="method" name="setUserPropertyId" visibility="public" complexity="2" crap="2" count="2"/>
        <line num="102" type="stmt" count="2"/>
        <line num="103" type="stmt" count="1"/>
        <line num="104" type="stmt" count="1"/>
        <line num="106" type="stmt" count="1"/>
        <line num="111" type="method" name="getCustomValue" visibility="public" complexity="1" crap="1" count="1"/>
        <line num="113" type="stmt" count="1"/>
        <line num="121" type="method" name="setCustomValue" visibility="public" complexity="7" crap="7" count="2"/>
        <line num="124" type="stmt" count="2"/>
        <line num="125" type="stmt" count="2"/>
        <line num="126" type="stmt" count="2"/>
        <line num="127" type="stmt" count="2"/>
        <line num="128" type="stmt" count="2"/>
        <line num="130" type="stmt" count="2"/>
        <line num="131" type="stmt" count="1"/>
        <line num="132" type="stmt" count="1"/>
        <line num="134" type="stmt" count="1"/>
        <line num="135" type="stmt" count="1"/>
        <line num="141" type="method" name="getCreationDate" visibility="public" complexity="1" crap="1" count="1"/>
        <line num="143" type="stmt" count="1"/>
        <line num="151" type="method" name="setCreationDate" visibility="public" complexity="1" crap="1" count="1"/>
        <line num="153" type="stmt" count="1"/>
        <line num="154" type="stmt" count="1"/>
        <line num="157" type="method" name="getUpdateDate" visibility="public" complexity="2" crap="2" count="2"/>
        <line num="159" type="stmt" count="2"/>
        <line num="167" type="method" name="setUpdateDate" visibility="public" complexity="2" crap="2" count="2"/>
        <line num="169" type="stmt" count="2"/>
        <line num="170" type="stmt" count="2"/>
        <metrics loc="171" ncloc="124" classes="1" methods="12" coveredmethods="12" conditionals="0" coveredconditionals="0" statements="32" coveredstatements="32" elements="44" coveredelements="44"/>
      </file>
    </package>
    <metrics files="18" loc="1789" ncloc="1271" classes="9" methods="97" coveredmethods="97" conditionals="0" coveredconditionals="0" statements="238" coveredstatements="230" elements="335" coveredelements="327"/>
  </project>
</coverage>
